#
# A fatal error has been detected by the Java Runtime Environment:
#
#  EXCEPTION_ACCESS_VIOLATION (0xc0000005) at pc=0x000000006d97bbab, pid=12948, tid=14728
#
# JRE version: 6.0_45-b06
# Java VM: Java HotSpot(TM) 64-Bit Server VM (20.45-b01 mixed mode windows-amd64 compressed oops)
# Problematic frame:
# V  [jvm.dll+0x14bbab]
#
# If you would like to submit a bug report, please visit:
#   http://java.sun.com/webapps/bugreport/crash.jsp
#

---------------  T H R E A D  ---------------

Current thread (0x00000000066f3800):  JavaThread "JDWP Transport Listener: dt_socket" daemon [_thread_in_vm, id=14728, stack(0x00000000068f0000,0x00000000069f0000)]

siginfo: ExceptionCode=0xc0000005, reading address 0x00003b63003b003b

Registers:
RAX=0x00000000069ef701, RBX=0x00000000066f3800, RCX=0x00003b63003b003b, RDX=0x00000000066f3800
RSP=0x00000000069ef760, RBP=0x00003b63003b003b, RSI=0x00000000069ef840, RDI=0x0000000000617e60
R8 =0x00000000069ef840, R9 =0x0000000000000001, R10=0x000000000000003c, R11=0x000000000673ede3
R12=0x0000000000000001, R13=0x0000000000000000, R14=0x0000000000000000, R15=0x0000000000000000
RIP=0x000000006d97bbab, EFLAGS=0x0000000000010202

Top of Stack: (sp=0x00000000069ef760)
0x00000000069ef760:   000000000000003c 0000000006700b40
0x00000000069ef770:   00000000069ef970 000000006db3d485
0x00000000069ef780:   00000000066f3800 000000006db5c6fa
0x00000000069ef790:   000000000000003c 00000000066f3800
0x00000000069ef7a0:   00000000069ef840 000000006d450d69
0x00000000069ef7b0:   00000000066f3800 0000000000000000
0x00000000069ef7c0:   0000000000000000 0000000000000000
0x00000000069ef7d0:   0000000000000001 000000006d44ff6e
0x00000000069ef7e0:   00000000069ef840 00000000066f60a0
0x00000000069ef7f0:   0000000000000001 00003b63003b003b
0x00000000069ef800:   0000000000000001 00003b63003b003b
0x00000000069ef810:   00000000069ef970 000000006d434f64
0x00000000069ef820:   00000000069ef970 a8a80c0201000000
0x00000000069ef830:   000000000673f740 0000000006700b40
0x00000000069ef840:   00000001069ef900 0000000000000000
0x00000000069ef850:   0000000000000000 0000000000000000 

Instructions: (pc=0x000000006d97bbab)
0x000000006d97bb8b:   7c 24 48 48 83 c4 28 c3 cc cc cc cc cc cc cc cc
0x000000006d97bb9b:   cc cc cc cc cc 48 53 48 83 ec 20 48 85 c9 74 55
0x000000006d97bbab:   48 8b 19 48 85 db 74 4d 48 b8 fe fe fe fe fe fe
0x000000006d97bbbb:   fe fe 48 3b d8 74 3e 80 3d 07 2e 5f 00 00 74 16 


Register to memory mapping:

RAX=0x00000000069ef701 is pointing into the stack for thread: 0x00000000066f3800
RBX=0x00000000066f3800 is a thread
RCX=0x00003b63003b003b is an unknown value
RDX=0x00000000066f3800 is a thread
RSP=0x00000000069ef760 is pointing into the stack for thread: 0x00000000066f3800
RBP=0x00003b63003b003b is an unknown value
RSI=0x00000000069ef840 is pointing into the stack for thread: 0x00000000066f3800
RDI=0x0000000000617e60 is an unknown value
R8 =0x00000000069ef840 is pointing into the stack for thread: 0x00000000066f3800
R9 =0x0000000000000001 is an unknown value
R10=0x000000000000003c is an unknown value
R11=0x000000000673ede3 is an unknown value
R12=0x0000000000000001 is an unknown value
R13=0x0000000000000000 is an unknown value
R14=0x0000000000000000 is an unknown value
R15=0x0000000000000000 is an unknown value


Stack: [0x00000000068f0000,0x00000000069f0000],  sp=0x00000000069ef760,  free space=1021k
Native frames: (J=compiled Java code, j=interpreted, Vv=VM code, C=native code)
V  [jvm.dll+0x14bbab]


---------------  P R O C E S S  ---------------

Java Threads: ( => current thread )
  0x000000000672f000 JavaThread "Low Memory Detector" daemon [_thread_blocked, id=5504, stack(0x0000000006df0000,0x0000000006ef0000)]
  0x000000000672e800 JavaThread "C2 CompilerThread1" daemon [_thread_blocked, id=15616, stack(0x0000000006cf0000,0x0000000006df0000)]
  0x000000000671f800 JavaThread "C2 CompilerThread0" daemon [_thread_blocked, id=12172, stack(0x0000000006bf0000,0x0000000006cf0000)]
  0x0000000006705800 JavaThread "JDWP Command Reader" daemon [_thread_in_native, id=17316, stack(0x0000000006af0000,0x0000000006bf0000)]
  0x0000000006702000 JavaThread "JDWP Event Helper Thread" daemon [_thread_blocked, id=11000, stack(0x00000000069f0000,0x0000000006af0000)]
=>0x00000000066f3800 JavaThread "JDWP Transport Listener: dt_socket" daemon [_thread_in_vm, id=14728, stack(0x00000000068f0000,0x00000000069f0000)]
  0x000000000210c000 JavaThread "Attach Listener" daemon [_thread_blocked, id=11452, stack(0x00000000065f0000,0x00000000066f0000)]
  0x0000000002108800 JavaThread "Signal Dispatcher" daemon [_thread_blocked, id=10268, stack(0x00000000064f0000,0x00000000065f0000)]
  0x00000000020d5800 JavaThread "Finalizer" daemon [_thread_blocked, id=1968, stack(0x00000000063f0000,0x00000000064f0000)]
  0x00000000020cd000 JavaThread "Reference Handler" daemon [_thread_blocked, id=4664, stack(0x00000000062f0000,0x00000000063f0000)]
  0x000000000061d800 JavaThread "main" [_thread_blocked, id=32, stack(0x0000000001f10000,0x0000000002010000)]

Other Threads:
  0x00000000020c7000 VMThread [stack: 0x00000000061f0000,0x00000000062f0000] [id=9364]
  0x000000000673c000 WatcherThread [stack: 0x0000000006ef0000,0x0000000006ff0000] [id=6312]

VM state:not at safepoint (normal execution)

VM Mutex/Monitor currently owned by a thread: None

Heap
 PSYoungGen      total 37760K, used 1295K [0x00000007d5e00000, 0x00000007d8820000, 0x0000000800000000)
  eden space 32384K, 4% used [0x00000007d5e00000,0x00000007d5f43da0,0x00000007d7da0000)
  from space 5376K, 0% used [0x00000007d82e0000,0x00000007d82e0000,0x00000007d8820000)
  to   space 5376K, 0% used [0x00000007d7da0000,0x00000007d7da0000,0x00000007d82e0000)
 PSOldGen        total 86272K, used 0K [0x0000000781a00000, 0x0000000786e40000, 0x00000007d5e00000)
  object space 86272K, 0% used [0x0000000781a00000,0x0000000781a00000,0x0000000786e40000)
 PSPermGen       total 21248K, used 2790K [0x000000077c800000, 0x000000077dcc0000, 0x0000000781a00000)
  object space 21248K, 13% used [0x000000077c800000,0x000000077cab9bb0,0x000000077dcc0000)

Code Cache  [0x0000000002110000, 0x0000000002380000, 0x0000000005110000)
 total_blobs=145 nmethods=0 adapters=120 free_code_cache=49954432 largest_free_block=384

Dynamic libraries:
0x0000000000400000 - 0x000000000042f000 	C:\Program Files\Java\jre6\bin\javaw.exe
0x00007fff7bc80000 - 0x00007fff7be2a000 	C:\windows\SYSTEM32\ntdll.dll
0x00007fff7b570000 - 0x00007fff7b6aa000 	C:\windows\system32\KERNEL32.DLL
0x00007fff791c0000 - 0x00007fff792cf000 	C:\windows\system32\KERNELBASE.dll
0x00007fff77990000 - 0x00007fff77a18000 	C:\windows\system32\apphelp.dll
0x00007fff76820000 - 0x00007fff7686f000 	C:\windows\AppPatch\AppPatch64\AcGenral.DLL
0x00007fff79500000 - 0x00007fff795a7000 	C:\windows\system32\msvcrt.dll
0x00007fff78dd0000 - 0x00007fff78dfb000 	C:\windows\SYSTEM32\SspiCli.dll
0x00007fff7b8c0000 - 0x00007fff7b911000 	C:\windows\system32\SHLWAPI.dll
0x00007fff79a20000 - 0x00007fff79b91000 	C:\windows\system32\USER32.dll
0x00007fff7b920000 - 0x00007fff7ba98000 	C:\windows\system32\ole32.dll
0x00007fff79da0000 - 0x00007fff7b1bf000 	C:\windows\system32\SHELL32.dll
0x00007fff78700000 - 0x00007fff7871e000 	C:\windows\SYSTEM32\USERENV.dll
0x00007fff79910000 - 0x00007fff799b5000 	C:\windows\system32\ADVAPI32.dll
0x00007fff71d70000 - 0x00007fff71d8b000 	C:\windows\SYSTEM32\MPR.dll
0x00007fff795b0000 - 0x00007fff796e7000 	C:\windows\system32\RPCRT4.dll
0x00007fff799c0000 - 0x00007fff79a17000 	C:\windows\SYSTEM32\sechost.dll
0x00007fff7baa0000 - 0x00007fff7bc76000 	C:\windows\SYSTEM32\combase.dll
0x00007fff7b760000 - 0x00007fff7b8a4000 	C:\windows\system32\GDI32.dll
0x00007fff78ff0000 - 0x00007fff79004000 	C:\windows\SYSTEM32\profapi.dll
0x00007fff77650000 - 0x00007fff776ef000 	C:\windows\SYSTEM32\SHCORE.dll
0x00007fff79d50000 - 0x00007fff79d84000 	C:\windows\system32\IMM32.DLL
0x00007fff7b430000 - 0x00007fff7b569000 	C:\windows\system32\MSCTF.dll
0x000000006d830000 - 0x000000006dfec000 	C:\Program Files\Java\jre6\bin\server\jvm.dll
0x00007fff752e0000 - 0x00007fff752ff000 	C:\windows\SYSTEM32\WINMM.dll
0x00007fff750b0000 - 0x00007fff750da000 	C:\windows\SYSTEM32\WINMMBASE.dll
0x00007fff792d0000 - 0x00007fff7931a000 	C:\windows\SYSTEM32\cfgmgr32.dll
0x00007fff77e80000 - 0x00007fff77ea6000 	C:\windows\SYSTEM32\DEVOBJ.dll
0x000000006d7a0000 - 0x000000006d7ae000 	C:\Program Files\Java\jre6\bin\verify.dll
0x000000006d3c0000 - 0x000000006d3e7000 	C:\Program Files\Java\jre6\bin\java.dll
0x000000006d430000 - 0x000000006d464000 	C:\Program Files\Java\jre6\bin\jdwp.dll
0x000000006d650000 - 0x000000006d658000 	C:\Program Files\Java\jre6\bin\npt.dll
0x000000006d7f0000 - 0x000000006d802000 	C:\Program Files\Java\jre6\bin\zip.dll
0x000000006d270000 - 0x000000006d279000 	C:\Program Files\Java\jre6\bin\dt_socket.dll
0x00007fff7b1e0000 - 0x00007fff7b238000 	C:\windows\system32\WS2_32.dll
0x00007fff79d90000 - 0x00007fff79d99000 	C:\windows\system32\NSI.dll
0x00007fff5f650000 - 0x00007fff5f664000 	C:\windows\system32\napinsp.dll
0x00007fff66140000 - 0x00007fff66159000 	C:\windows\system32\pnrpnsp.dll
0x00007fff74860000 - 0x00007fff74879000 	C:\windows\system32\NLAapi.dll
0x00007fff78840000 - 0x00007fff78898000 	C:\windows\System32\mswsock.dll
0x00007fff78720000 - 0x00007fff787c3000 	C:\windows\SYSTEM32\DNSAPI.dll
0x00007fff5f670000 - 0x00007fff5f67c000 	C:\windows\System32\winrnr.dll
0x00007fff5f680000 - 0x00007fff5f693000 	C:\windows\system32\wshbth.dll
0x00007fff73520000 - 0x00007fff73588000 	C:\windows\System32\fwpuclnt.dll
0x00007fff6b790000 - 0x00007fff6b799000 	C:\Windows\System32\rasadhlp.dll
0x00007fff7b240000 - 0x00007fff7b247000 	C:\windows\system32\PSAPI.DLL

VM Arguments:
jvm_args: -agentlib:jdwp=transport=dt_socket,suspend=y,address=localhost:57825 -Dfile.encoding=Cp1252 
java_command: exercise
Launcher Type: SUN_STANDARD

Environment Variables:
PATH=C:\Program Files (x86)\Lenovo\FusionEngine;C:\Program Files (x86)\Intel\iCLS Client\;C:\Program Files\Intel\iCLS Client\;C:\Program Files (x86)\NVIDIA Corporation\PhysX\Common;C:\windows\system32;C:\windows;C:\windows\System32\Wbem;C:\windows\System32\WindowsPowerShell\v1.0\;C:\Program Files\Intel\Intel(R) Management Engine Components\DAL;C:\Program Files\Intel\Intel(R) Management Engine Components\IPT;C:\Program Files (x86)\Intel\Intel(R) Management Engine Components\DAL;C:\Program Files (x86)\Intel\Intel(R) Management Engine Components\IPT;C:\Program Files (x86)\Common Files\lenovo\easyplussdk\bin;C:\Program Files\Java\jdk1.6.0_45\bin;C:\Program Files\MATLAB\R2009b\runtime\win64;C:\Program Files\MATLAB\R2009b\bin
USERNAME=manish
OS=Windows_NT
PROCESSOR_IDENTIFIER=Intel64 Family 6 Model 69 Stepping 1, GenuineIntel



---------------  S Y S T E M  ---------------

OS: Windows 8 , 64 bit Build 9200 

CPU:total 4 (2 cores per cpu, 2 threads per core) family 6 model 69 stepping 1, cmov, cx8, fxsr, mmx, sse, sse2, sse3, ssse3, sse4.1, sse4.2, popcnt, ht

Memory: 4k page, physical 8278296k(4446472k free), swap 9589016k(4427880k free)

vm_info: Java HotSpot(TM) 64-Bit Server VM (20.45-b01) for windows-amd64 JRE (1.6.0_45-b06), built on Apr  1 2013 12:31:37 by "java_re" with MS VC++ 8.0 (VS2005)

time: Sat Oct 11 13:30:35 2014
elapsed time: 4984 seconds

