#
# A fatal error has been detected by the Java Runtime Environment:
#
#  EXCEPTION_ACCESS_VIOLATION (0xc0000005) at pc=0x0000000063594769, pid=14724, tid=10716
#
# JRE version: Java(TM) SE Runtime Environment (7.0_71-b14) (build 1.7.0_71-b14)
# Java VM: Java HotSpot(TM) 64-Bit Server VM (24.71-b01 mixed mode windows-amd64 compressed oops)
# Problematic frame:
# V  [jvm.dll+0x54769]
#
# Failed to write core dump. Minidumps are not enabled by default on client versions of Windows
#
# If you would like to submit a bug report, please visit:
#   http://bugreport.sun.com/bugreport/crash.jsp
#

---------------  T H R E A D  ---------------

Current thread (0x000000000a9cc000):  JavaThread "JDWP Transport Listener: dt_socket" daemon [_thread_in_vm, id=10716, stack(0x000000000c210000,0x000000000c310000)]

siginfo: ExceptionCode=0xc0000005, reading address 0x000000000000000c

Registers:
RAX=0x000000000000000c, RBX=0x000000000a9cc000, RCX=0x0000000000000003, RDX=0x0000000000000000
RSP=0x000000000c30f150, RBP=0x000000000000000c, RSI=0x0000000000000000, RDI=0x0000000000000010
R8 =0x00000007d5e538d8, R9 =0x0000000000000000, R10=0x0000000000000000, R11=0x0000000000000001
R12=0x0000000000000000, R13=0x000000000a9c3ed8, R14=0x0000000000000000, R15=0x0000000000000000
RIP=0x0000000063594769, EFLAGS=0x0000000000010246

Top of Stack: (sp=0x000000000c30f150)
0x000000000c30f150:   000000000a9cc000 0000000000000000
0x000000000c30f160:   0000000000000000 000000000a9cc000
0x000000000c30f170:   0000000000000000 000000006365d597
0x000000000c30f180:   00000007d5e538d8 000000000c30f2a0
0x000000000c30f190:   000000000a9cf580 000000000c30f270
0x000000000c30f1a0:   000000000a9cc000 0000000000000000
0x000000000c30f1b0:   000000000a9cf580 000000000c30f2a0
0x000000000c30f1c0:   0000000000000000 000000000a9c3ed8
0x000000000c30f1d0:   0000000000000000 0000000063507d15
0x000000000c30f1e0:   000000000c30f270 000000000c30f2a0
0x000000000c30f1f0:   000000000a9cf580 000000000a9cc1e8
0x000000000c30f200:   000000000aa2590a 000000006350f090
0x000000000c30f210:   000000000a010a01 000000000c30f310
0x000000000c30f220:   000000000a9c3a01 000000000a9c3a01
0x000000000c30f230:   00006cf900000013 000000000a010a00
0x000000000c30f240:   000000000a9ecca0 0000000063710b5d 

Instructions: (pc=0x0000000063594769)
0x0000000063594749:   d2 48 8b c5 eb 18 48 8b d0 48 8b c5 48 d3 e2 48
0x0000000063594759:   03 15 51 11 6a 00 eb 06 48 8b 12 48 8b c7 48 98
0x0000000063594769:   8b 14 10 85 d2 74 2a 45 84 db 4c 63 c6 48 0f 45
0x0000000063594779:   fd 8d 47 0b 48 63 c8 48 83 e1 f8 48 c1 e9 03 8d 


Register to memory mapping:

RAX=0x000000000000000c is an unknown value
RBX=0x000000000a9cc000 is a thread
RCX=0x0000000000000003 is an unknown value
RDX=0x0000000000000000 is an unknown value
RSP=0x000000000c30f150 is pointing into the stack for thread: 0x000000000a9cc000
RBP=0x000000000000000c is an unknown value
RSI=0x0000000000000000 is an unknown value
RDI=0x0000000000000010 is an unknown value
R8 =0x00000007d5e538d8 is an oop
java.lang.String 
 - klass: 'java/lang/String'
R9 =0x0000000000000000 is an unknown value
R10=0x0000000000000000 is an unknown value
R11=0x0000000000000001 is an unknown value
R12=0x0000000000000000 is an unknown value
R13=0x000000000a9c3ed8 is an unknown value
R14=0x0000000000000000 is an unknown value
R15=0x0000000000000000 is an unknown value


Stack: [0x000000000c210000,0x000000000c310000],  sp=0x000000000c30f150,  free space=1020k
Native frames: (J=compiled Java code, j=interpreted, Vv=VM code, C=native code)
V  [jvm.dll+0x54769]


---------------  P R O C E S S  ---------------

Java Threads: ( => current thread )
  0x000000000aa10800 JavaThread "Service Thread" daemon [_thread_blocked, id=11920, stack(0x000000000c710000,0x000000000c810000)]
  0x000000000aa03800 JavaThread "C2 CompilerThread1" daemon [_thread_blocked, id=13844, stack(0x000000000c610000,0x000000000c710000)]
  0x000000000aa01000 JavaThread "C2 CompilerThread0" daemon [_thread_blocked, id=13628, stack(0x000000000c510000,0x000000000c610000)]
  0x000000000a9dc000 JavaThread "JDWP Command Reader" daemon [_thread_in_native, id=3852, stack(0x000000000c410000,0x000000000c510000)]
  0x000000000a9d9000 JavaThread "JDWP Event Helper Thread" daemon [_thread_blocked, id=6180, stack(0x000000000c310000,0x000000000c410000)]
=>0x000000000a9cc000 JavaThread "JDWP Transport Listener: dt_socket" daemon [_thread_in_vm, id=10716, stack(0x000000000c210000,0x000000000c310000)]
  0x000000000a9c5800 JavaThread "Attach Listener" daemon [_thread_blocked, id=2992, stack(0x000000000be30000,0x000000000bf30000)]
  0x000000000a9c2800 JavaThread "Signal Dispatcher" daemon [_thread_blocked, id=1912, stack(0x000000000bd30000,0x000000000be30000)]
  0x000000000a990800 JavaThread "Finalizer" daemon [_thread_blocked, id=14980, stack(0x000000000bc30000,0x000000000bd30000)]
  0x000000000a987800 JavaThread "Reference Handler" daemon [_thread_blocked, id=12964, stack(0x000000000bb30000,0x000000000bc30000)]
  0x00000000025ce000 JavaThread "main" [_thread_blocked, id=13176, stack(0x0000000002460000,0x0000000002560000)]

Other Threads:
  0x000000000a984000 VMThread [stack: 0x000000000ba30000,0x000000000bb30000] [id=9400]
  0x000000000aa19000 WatcherThread [stack: 0x000000000c810000,0x000000000c910000] [id=8880]

VM state:not at safepoint (normal execution)

VM Mutex/Monitor currently owned by a thread: None

Heap
 PSYoungGen      total 38400K, used 1997K [0x00000007d5e00000, 0x00000007d8880000, 0x0000000800000000)
  eden space 33280K, 6% used [0x00000007d5e00000,0x00000007d5ff3430,0x00000007d7e80000)
  from space 5120K, 0% used [0x00000007d8380000,0x00000007d8380000,0x00000007d8880000)
  to   space 5120K, 0% used [0x00000007d7e80000,0x00000007d7e80000,0x00000007d8380000)
 ParOldGen       total 86016K, used 0K [0x0000000781a00000, 0x0000000786e00000, 0x00000007d5e00000)
  object space 86016K, 0% used [0x0000000781a00000,0x0000000781a00000,0x0000000786e00000)
 PSPermGen       total 21504K, used 2492K [0x000000077c800000, 0x000000077dd00000, 0x0000000781a00000)
  object space 21504K, 11% used [0x000000077c800000,0x000000077ca6f058,0x000000077dd00000)

Card table byte_map: [0x0000000005790000,0x0000000005bb0000] byte_map_base: 0x0000000001bac000

Polling page: 0x0000000000c10000

Code Cache  [0x00000000026d0000, 0x0000000002940000, 0x00000000056d0000)
 total_blobs=157 nmethods=0 adapters=133 free_code_cache=48776Kb largest_free_block=49947200

Compilation events (0 events):
No events

GC Heap History (0 events):
No events

Deoptimization events (0 events):
No events

Internal exceptions (3 events):
Event: 0.059 Thread 0x00000000025ce000 Threw 0x00000007d5e0a478 at C:\re\jdk7u71\1605\hotspot\src\share\vm\prims\jni.cpp:3991
Event: 0.525 Thread 0x00000000025ce000 Threw 0x00000007d5e4e998 at C:\re\jdk7u71\1605\hotspot\src\share\vm\prims\jvm.cpp:1281
Event: 36.337 Thread 0x00000000025ce000 Threw 0x00000007d5e536c0 at C:\re\jdk7u71\1605\hotspot\src\share\vm\interpreter\interpreterRuntime.cpp:347

Events (10 events):
Event: 48.013 Executing VM operation: EnterInterpOnlyMode
Event: 48.013 Executing VM operation: EnterInterpOnlyMode done
Event: 48.013 Executing VM operation: GetCurrentLocation
Event: 48.013 Executing VM operation: GetCurrentLocation done
Event: 48.013 Executing VM operation: ChangeSingleStep
Event: 48.013 Executing VM operation: ChangeSingleStep done
Event: 48.014 Executing VM operation: ChangeSingleStep
Event: 48.014 Executing VM operation: ChangeSingleStep done
Event: 48.018 Executing VM operation: GetOrSetLocal
Event: 48.018 Executing VM operation: GetOrSetLocal done


Dynamic libraries:
0x00007ff6d3100000 - 0x00007ff6d3133000 	C:\Program Files\Java\jdk1.7.0_71\bin\javaw.exe
0x00007fff558f0000 - 0x00007fff55a96000 	C:\windows\SYSTEM32\ntdll.dll
0x00007fff554a0000 - 0x00007fff555da000 	C:\windows\system32\KERNEL32.DLL
0x00007fff53060000 - 0x00007fff5316f000 	C:\windows\system32\KERNELBASE.dll
0x00007fff51870000 - 0x00007fff518f8000 	C:\windows\system32\apphelp.dll
0x00007fff48d50000 - 0x00007fff48d9f000 	C:\windows\AppPatch\AppPatch64\AcGenral.DLL
0x00007fff54e40000 - 0x00007fff54ee7000 	C:\windows\system32\msvcrt.dll
0x00007fff52b10000 - 0x00007fff52b3b000 	C:\windows\SYSTEM32\SspiCli.dll
0x00007fff54aa0000 - 0x00007fff54af1000 	C:\windows\system32\SHLWAPI.dll
0x00007fff55040000 - 0x00007fff551b1000 	C:\windows\system32\USER32.dll
0x00007fff555e0000 - 0x00007fff55758000 	C:\windows\system32\ole32.dll
0x00007fff53170000 - 0x00007fff5457f000 	C:\windows\system32\SHELL32.dll
0x00007fff522b0000 - 0x00007fff522ce000 	C:\windows\SYSTEM32\USERENV.dll
0x00007fff54b10000 - 0x00007fff54bb5000 	C:\windows\system32\ADVAPI32.dll
0x00007fff4b880000 - 0x00007fff4b89b000 	C:\windows\SYSTEM32\MPR.dll
0x00007fff551c0000 - 0x00007fff552f7000 	C:\windows\system32\RPCRT4.dll
0x00007fff55780000 - 0x00007fff557d7000 	C:\windows\SYSTEM32\sechost.dll
0x00007fff54580000 - 0x00007fff54756000 	C:\windows\SYSTEM32\combase.dll
0x00007fff54760000 - 0x00007fff548a4000 	C:\windows\system32\GDI32.dll
0x00007fff52c60000 - 0x00007fff52c74000 	C:\windows\SYSTEM32\profapi.dll
0x00007fff51780000 - 0x00007fff5181f000 	C:\windows\SYSTEM32\SHCORE.dll
0x00007fff54f50000 - 0x00007fff54f84000 	C:\windows\system32\IMM32.DLL
0x00007fff55300000 - 0x00007fff55439000 	C:\windows\system32\MSCTF.dll
0x00007fff50e30000 - 0x00007fff5108a000 	C:\windows\WinSxS\amd64_microsoft.windows.common-controls_6595b64144ccf1df_6.0.9600.17031_none_6242a4b3ecbb55a1\COMCTL32.dll
0x0000000063d20000 - 0x0000000063df2000 	C:\Program Files\Java\jdk1.7.0_71\jre\bin\msvcr100.dll
0x0000000063540000 - 0x0000000063d13000 	C:\Program Files\Java\jdk1.7.0_71\jre\bin\server\jvm.dll
0x00007fff42460000 - 0x00007fff42469000 	C:\windows\SYSTEM32\WSOCK32.dll
0x00007fff50100000 - 0x00007fff5011f000 	C:\windows\SYSTEM32\WINMM.dll
0x00007fff557e0000 - 0x00007fff557e7000 	C:\windows\system32\PSAPI.DLL
0x00007fff54ef0000 - 0x00007fff54f48000 	C:\windows\system32\WS2_32.dll
0x00007fff500c0000 - 0x00007fff500ea000 	C:\windows\SYSTEM32\WINMMBASE.dll
0x00007fff54bc0000 - 0x00007fff54bc9000 	C:\windows\system32\NSI.dll
0x00007fff52f60000 - 0x00007fff52faa000 	C:\windows\SYSTEM32\cfgmgr32.dll
0x00007fff51af0000 - 0x00007fff51b16000 	C:\windows\SYSTEM32\DEVOBJ.dll
0x0000000065720000 - 0x000000006572f000 	C:\Program Files\Java\jdk1.7.0_71\jre\bin\verify.dll
0x0000000063e60000 - 0x0000000063e88000 	C:\Program Files\Java\jdk1.7.0_71\jre\bin\java.dll
0x0000000063500000 - 0x0000000063535000 	C:\Program Files\Java\jdk1.7.0_71\jre\bin\jdwp.dll
0x0000000064bb0000 - 0x0000000064bb8000 	C:\Program Files\Java\jdk1.7.0_71\jre\bin\npt.dll
0x00000000634e0000 - 0x00000000634f5000 	C:\Program Files\Java\jdk1.7.0_71\jre\bin\zip.dll
0x00000000648f0000 - 0x00000000648f9000 	C:\Program Files\Java\jdk1.7.0_71\jre\bin\dt_socket.dll
0x00007fff4b7d0000 - 0x00007fff4b7e4000 	C:\windows\system32\napinsp.dll
0x00007fff4b200000 - 0x00007fff4b219000 	C:\windows\system32\pnrpnsp.dll
0x00007fff4e360000 - 0x00007fff4e379000 	C:\windows\system32\NLAapi.dll
0x00007fff52500000 - 0x00007fff52558000 	C:\windows\System32\mswsock.dll
0x00007fff52310000 - 0x00007fff523b3000 	C:\windows\SYSTEM32\DNSAPI.dll
0x00007fff4bc50000 - 0x00007fff4bc5c000 	C:\windows\System32\winrnr.dll
0x00007fff4b1e0000 - 0x00007fff4b1f3000 	C:\windows\system32\wshbth.dll
0x00007fff4d300000 - 0x00007fff4d368000 	C:\windows\System32\fwpuclnt.dll
0x00007fff4a930000 - 0x00007fff4a939000 	C:\Windows\System32\rasadhlp.dll
0x00007fff4b350000 - 0x00007fff4b4d8000 	C:\windows\SYSTEM32\dbghelp.dll

VM Arguments:
jvm_args: -agentlib:jdwp=transport=dt_socket,suspend=y,address=localhost:55778 -Dfile.encoding=Cp1252 
java_command: matrixRotate
Launcher Type: SUN_STANDARD

Environment Variables:
JAVA_HOME=C:\Program Files\Java\jdk1.7.0_71
PATH=C:\Program Files\Java\jdk1.7.0_71\jre\bin;C:\Program Files (x86)\Lenovo\FusionEngine;C:\Program Files (x86)\Intel\iCLS Client\;C:\Program Files\Intel\iCLS Client\;C:\Program Files (x86)\NVIDIA Corporation\PhysX\Common;C:\windows\system32;C:\windows;C:\windows\System32\Wbem;C:\windows\System32\WindowsPowerShell\v1.0\;C:\Program Files\Intel\Intel(R) Management Engine Components\DAL;C:\Program Files\Intel\Intel(R) Management Engine Components\IPT;C:\Program Files (x86)\Intel\Intel(R) Management Engine Components\DAL;C:\Program Files (x86)\Intel\Intel(R) Management Engine Components\IPT;C:\Program Files (x86)\Common Files\lenovo\easyplussdk\bin;C:\Program Files\Java\jdk1.6.0_45\bin;C:\Users\manish\Downloads\mysql-5.6.22-winx64\mysql-5.6.22-winx64\bin;C:\Program Files\MATLAB\R2012b\runtime\win64;C:\Program Files\MATLAB\R2012b\bin;C:\Program Files (x86)\Java\jre7\bin
USERNAME=manish
OS=Windows_NT
PROCESSOR_IDENTIFIER=Intel64 Family 6 Model 69 Stepping 1, GenuineIntel



---------------  S Y S T E M  ---------------

OS: Windows 8.1 , 64 bit Build 9600 

CPU:total 4 (2 cores per cpu, 2 threads per core) family 6 model 69 stepping 1, cmov, cx8, fxsr, mmx, sse, sse2, sse3, ssse3, sse4.1, sse4.2, popcnt, avx, avx2, aes, erms, ht, tsc, tscinvbit

Memory: 4k page, physical 8278296k(3558172k free), swap 13259032k(7395924k free)

vm_info: Java HotSpot(TM) 64-Bit Server VM (24.71-b01) for windows-amd64 JRE (1.7.0_71-b14), built on Sep 26 2014 16:16:12 by "java_re" with unknown MS VC++:1600

time: Sun Jan 11 15:16:25 2015
elapsed time: 48 seconds

